<?xml version="1.0" encoding="UTF-8"?>
<!-- Generated by org.testng.reporters.JUnitReportReporter -->
<testsuite hostname="isd0176" name="ip.project.interfaceProject.Test.AddAuthorRemoveButton" tests="1" failures="0" timestamp="19 May 2016 14:38:51 GMT" time="2.109" errors="0">
  <testcase name="addAuthorInsert" time="2.109" classname="ip.project.interfaceProject.Test.AddAuthorRemoveButton"/>
</testsuite> <!-- ip.project.interfaceProject.Test.AddAuthorRemoveButton -->
