<?xml version="1.0" encoding="UTF-8"?>
<!-- Generated by org.testng.reporters.JUnitReportReporter -->
<testsuite hostname="isd0176" name="ip.project.interfaceProject.Test.ClickOpenButton" tests="1" failures="0" timestamp="19 May 2016 14:23:14 GMT" time="0.595" errors="0">
  <testcase name="openButton" time="0.595" classname="ip.project.interfaceProject.Test.ClickOpenButton"/>
</testsuite> <!-- ip.project.interfaceProject.Test.ClickOpenButton -->
