<?xml version="1.0" encoding="UTF-8"?>
<!-- Generated by org.testng.reporters.JUnitReportReporter -->
<testsuite hostname="Adrian-PC" name="ip.project.interfaceProject.Test.ClickCreateButton" tests="1" failures="0" timestamp="12 May 2016 19:37:43 GMT" time="0.623" errors="0">
  <testcase name="createButton" time="0.623" classname="ip.project.interfaceProject.Test.ClickCreateButton"/>
</testsuite> <!-- ip.project.interfaceProject.Test.ClickCreateButton -->
