<?xml version="1.0" encoding="UTF-8"?>
<!-- Generated by org.testng.reporters.JUnitReportReporter -->
<testsuite hostname="Adrian-PC" name="ip.project.interfaceProject.Test.Domanin" tests="1" failures="0" timestamp="20 May 2016 07:14:54 GMT" time="0.756" errors="0">
  <testcase name="Domain" time="0.756" classname="ip.project.interfaceProject.Test.Domanin"/>
</testsuite> <!-- ip.project.interfaceProject.Test.Domanin -->
