<?xml version="1.0" encoding="UTF-8"?>
<!-- Generated by org.testng.reporters.JUnitReportReporter -->
<testsuite hostname="isd0176" name="ip.project.interfaceProject.Test.AddAuthorAddButton" tests="1" failures="0" timestamp="19 May 2016 14:34:30 GMT" time="1.766" errors="0">
  <testcase name="addAuthorInsert" time="1.766" classname="ip.project.interfaceProject.Test.AddAuthorAddButton"/>
</testsuite> <!-- ip.project.interfaceProject.Test.AddAuthorAddButton -->
